<?xml version="1.0" encoding="UTF-8"?>
<!-- Generated by org.testng.reporters.JUnitXMLReporter -->
<testsuite ignored="0" hostname="SF-LAP-655" failures="0" tests="6" name="Default test" time="96.35" errors="0" timestamp="2023-05-01T18:08:21 IST">
  <testcase classname="testcases.MyFirstTest" name="myfirst" time="4.568"/>
  <testcase classname="testcases.MyFirstTest" name="myfirst" time="4.499"/>
  <testcase classname="testcases.MyFirstTest" name="myfirst" time="4.526"/>
  <testcase classname="testcases.MyFirstTest" name="myfirst" time="4.507"/>
  <testcase classname="testcases.MyFirstTest" name="myfirst" time="4.524"/>
  <testcase classname="testcases.MyFirstTest" name="myfirst" time="4.488"/>
</testsuite> <!-- Default test -->
