<?xml version="1.0" encoding="UTF-8"?>
<testng-results ignored="0" total="6" passed="6" failed="0" skipped="0">
  <reporter-output>
  </reporter-output>
  <suite started-at="2023-05-01T18:06:45 IST" name="Default suite" finished-at="2023-05-01T18:08:21 IST" duration-ms="96350">
    <groups>
    </groups>
    <test started-at="2023-05-01T18:06:45 IST" name="Default test" finished-at="2023-05-01T18:08:21 IST" duration-ms="96350">
      <class name="testcases.MyFirstTest">
        <test-method is-config="true" signature="setup()[pri:0, instance:testcases.MyFirstTest@31e5415e]" started-at="2023-05-01T18:06:46 IST" name="setup" finished-at="2023-05-01T18:06:55 IST" duration-ms="9198" status="PASS">
          <reporter-output>
          </reporter-output>
        </test-method> <!-- setup -->
        <test-method signature="myfirst(java.lang.String, java.lang.String, java.lang.String, java.lang.String)[pri:0, instance:testcases.MyFirstTest@31e5415e]" started-at="2023-05-01T18:06:55 IST" name="myfirst" data-provider="exceldata1" finished-at="2023-05-01T18:07:00 IST" duration-ms="4568" status="PASS">
          <params>
            <param index="0">
              <value>
                <![CDATA[Ramesh]]>
              </value>
            </param>
            <param index="1">
              <value>
                <![CDATA[Yadac]]>
              </value>
            </param>
            <param index="2">
              <value>
                <![CDATA[Jadavdhruv77@gmail.com]]>
              </value>
            </param>
            <param index="3">
              <value>
                <![CDATA[1]]>
              </value>
            </param>
          </params>
          <reporter-output>
          </reporter-output>
        </test-method> <!-- myfirst -->
        <test-method is-config="true" signature="teardown()[pri:0, instance:testcases.MyFirstTest@31e5415e]" started-at="2023-05-01T18:07:00 IST" name="teardown" finished-at="2023-05-01T18:07:03 IST" duration-ms="2957" status="PASS">
          <reporter-output>
          </reporter-output>
        </test-method> <!-- teardown -->
        <test-method is-config="true" signature="setup()[pri:0, instance:testcases.MyFirstTest@31e5415e]" started-at="2023-05-01T18:07:03 IST" name="setup" finished-at="2023-05-01T18:07:11 IST" duration-ms="7887" status="PASS">
          <reporter-output>
          </reporter-output>
        </test-method> <!-- setup -->
        <test-method signature="myfirst(java.lang.String, java.lang.String, java.lang.String, java.lang.String)[pri:0, instance:testcases.MyFirstTest@31e5415e]" started-at="2023-05-01T18:07:11 IST" name="myfirst" data-provider="exceldata1" finished-at="2023-05-01T18:07:15 IST" duration-ms="4499" status="PASS">
          <params>
            <param index="0">
              <value>
                <![CDATA[Haresh]]>
              </value>
            </param>
            <param index="1">
              <value>
                <![CDATA[H]]>
              </value>
            </param>
            <param index="2">
              <value>
                <![CDATA[Jadavdhruv77@gmail.com]]>
              </value>
            </param>
            <param index="3">
              <value>
                <![CDATA[22]]>
              </value>
            </param>
          </params>
          <reporter-output>
          </reporter-output>
        </test-method> <!-- myfirst -->
        <test-method is-config="true" signature="teardown()[pri:0, instance:testcases.MyFirstTest@31e5415e]" started-at="2023-05-01T18:07:15 IST" name="teardown" finished-at="2023-05-01T18:07:18 IST" duration-ms="2849" status="PASS">
          <reporter-output>
          </reporter-output>
        </test-method> <!-- teardown -->
        <test-method is-config="true" signature="setup()[pri:0, instance:testcases.MyFirstTest@31e5415e]" started-at="2023-05-01T18:07:18 IST" name="setup" finished-at="2023-05-01T18:07:26 IST" duration-ms="7577" status="PASS">
          <reporter-output>
          </reporter-output>
        </test-method> <!-- setup -->
        <test-method signature="myfirst(java.lang.String, java.lang.String, java.lang.String, java.lang.String)[pri:0, instance:testcases.MyFirstTest@31e5415e]" started-at="2023-05-01T18:07:26 IST" name="myfirst" data-provider="exceldata1" finished-at="2023-05-01T18:07:30 IST" duration-ms="4526" status="PASS">
          <params>
            <param index="0">
              <value>
                <![CDATA[Parehs]]>
              </value>
            </param>
            <param index="1">
              <value>
                <![CDATA[P]]>
              </value>
            </param>
            <param index="2">
              <value>
                <![CDATA[Jadavdhruv77@gmail.com]]>
              </value>
            </param>
            <param index="3">
              <value>
                <![CDATA[333]]>
              </value>
            </param>
          </params>
          <reporter-output>
          </reporter-output>
        </test-method> <!-- myfirst -->
        <test-method is-config="true" signature="teardown()[pri:0, instance:testcases.MyFirstTest@31e5415e]" started-at="2023-05-01T18:07:30 IST" name="teardown" finished-at="2023-05-01T18:07:33 IST" duration-ms="2717" status="PASS">
          <reporter-output>
          </reporter-output>
        </test-method> <!-- teardown -->
        <test-method is-config="true" signature="setup()[pri:0, instance:testcases.MyFirstTest@31e5415e]" started-at="2023-05-01T18:07:33 IST" name="setup" finished-at="2023-05-01T18:07:40 IST" duration-ms="7259" status="PASS">
          <reporter-output>
          </reporter-output>
        </test-method> <!-- setup -->
        <test-method signature="myfirst(java.lang.String, java.lang.String, java.lang.String, java.lang.String)[pri:0, instance:testcases.MyFirstTest@31e5415e]" started-at="2023-05-01T18:07:40 IST" name="myfirst" data-provider="exceldata1" finished-at="2023-05-01T18:07:45 IST" duration-ms="4507" status="PASS">
          <params>
            <param index="0">
              <value>
                <![CDATA[Mahesh]]>
              </value>
            </param>
            <param index="1">
              <value>
                <![CDATA[M]]>
              </value>
            </param>
            <param index="2">
              <value>
                <![CDATA[Jadavdhruv77@gmail.com]]>
              </value>
            </param>
            <param index="3">
              <value>
                <![CDATA[44444]]>
              </value>
            </param>
          </params>
          <reporter-output>
          </reporter-output>
        </test-method> <!-- myfirst -->
        <test-method is-config="true" signature="teardown()[pri:0, instance:testcases.MyFirstTest@31e5415e]" started-at="2023-05-01T18:07:45 IST" name="teardown" finished-at="2023-05-01T18:07:47 IST" duration-ms="2753" status="PASS">
          <reporter-output>
          </reporter-output>
        </test-method> <!-- teardown -->
        <test-method is-config="true" signature="setup()[pri:0, instance:testcases.MyFirstTest@31e5415e]" started-at="2023-05-01T18:07:47 IST" name="setup" finished-at="2023-05-01T18:07:59 IST" duration-ms="11342" status="PASS">
          <reporter-output>
          </reporter-output>
        </test-method> <!-- setup -->
        <test-method signature="myfirst(java.lang.String, java.lang.String, java.lang.String, java.lang.String)[pri:0, instance:testcases.MyFirstTest@31e5415e]" started-at="2023-05-01T18:07:59 IST" name="myfirst" data-provider="exceldata1" finished-at="2023-05-01T18:08:03 IST" duration-ms="4524" status="PASS">
          <params>
            <param index="0">
              <value>
                <![CDATA[Jambesh]]>
              </value>
            </param>
            <param index="1">
              <value>
                <![CDATA[J]]>
              </value>
            </param>
            <param index="2">
              <value>
                <![CDATA[Jadavdhruv77@gmail.com]]>
              </value>
            </param>
            <param index="3">
              <value>
                <![CDATA[555555]]>
              </value>
            </param>
          </params>
          <reporter-output>
          </reporter-output>
        </test-method> <!-- myfirst -->
        <test-method is-config="true" signature="teardown()[pri:0, instance:testcases.MyFirstTest@31e5415e]" started-at="2023-05-01T18:08:03 IST" name="teardown" finished-at="2023-05-01T18:08:06 IST" duration-ms="2716" status="PASS">
          <reporter-output>
          </reporter-output>
        </test-method> <!-- teardown -->
        <test-method is-config="true" signature="setup()[pri:0, instance:testcases.MyFirstTest@31e5415e]" started-at="2023-05-01T18:08:06 IST" name="setup" finished-at="2023-05-01T18:08:14 IST" duration-ms="7869" status="PASS">
          <reporter-output>
          </reporter-output>
        </test-method> <!-- setup -->
        <test-method signature="myfirst(java.lang.String, java.lang.String, java.lang.String, java.lang.String)[pri:0, instance:testcases.MyFirstTest@31e5415e]" started-at="2023-05-01T18:08:14 IST" name="myfirst" data-provider="exceldata1" finished-at="2023-05-01T18:08:18 IST" duration-ms="4488" status="PASS">
          <params>
            <param index="0">
              <value>
                <![CDATA[Lambesh]]>
              </value>
            </param>
            <param index="1">
              <value>
                <![CDATA[L]]>
              </value>
            </param>
            <param index="2">
              <value>
                <![CDATA[Jadavdhruv77@gmail.com]]>
              </value>
            </param>
            <param index="3">
              <value>
                <![CDATA[6666666]]>
              </value>
            </param>
          </params>
          <reporter-output>
          </reporter-output>
        </test-method> <!-- myfirst -->
        <test-method is-config="true" signature="teardown()[pri:0, instance:testcases.MyFirstTest@31e5415e]" started-at="2023-05-01T18:08:18 IST" name="teardown" finished-at="2023-05-01T18:08:21 IST" duration-ms="2717" status="PASS">
          <reporter-output>
          </reporter-output>
        </test-method> <!-- teardown -->
      </class> <!-- testcases.MyFirstTest -->
    </test> <!-- Default test -->
  </suite> <!-- Default suite -->
</testng-results>
